onMeasure

01-16 10:50:28.266: I/ertewu(13486): PrintStackStart------------------------
01-16 10:50:28.266: I/ertewu(13486): 1 main CaseForViewRootImpl$LogView  onMeasure
01-16 10:50:28.266: I/ertewu(13486): 1 main View  measure
01-16 10:50:28.266: I/ertewu(13486): 1 main ViewGroup  measureChildWithMargins
01-16 10:50:28.266: I/ertewu(13486): 1 main FrameLayout  onMeasure
01-16 10:50:28.266: I/ertewu(13486): 1 main View  measure
01-16 10:50:28.266: I/ertewu(13486): 1 main LinearLayout  measureVertical
01-16 10:50:28.266: I/ertewu(13486): 1 main LinearLayout  onMeasure
01-16 10:50:28.266: I/ertewu(13486): 1 main View  measure
01-16 10:50:28.266: I/ertewu(13486): 1 main ViewGroup  measureChildWithMargins
01-16 10:50:28.266: I/ertewu(13486): 1 main FrameLayout  onMeasure
01-16 10:50:28.266: I/ertewu(13486): 1 main PhoneWindow$DecorView  onMeasure
01-16 10:50:28.266: I/ertewu(13486): 1 main View  measure
01-16 10:50:28.266: I/ertewu(13486): 1 main ViewRootImpl  performMeasure
01-16 10:50:28.266: I/ertewu(13486): 1 main ViewRootImpl  measureHierarchy
01-16 10:50:28.266: I/ertewu(13486): 1 main ViewRootImpl  performTraversals
01-16 10:50:28.266: I/ertewu(13486): 1 main ViewRootImpl  doTraversal
//上边的部分我就看出调用栈来了
01-16 10:50:28.266: I/ertewu(13486): 1 main ViewRootImpl$TraversalRunnable  run
01-16 10:50:28.266: I/ertewu(13486): 1 main Choreographer$CallbackRecord  run
01-16 10:50:28.266: I/ertewu(13486): 1 main Choreographer  doCallbacks
01-16 10:50:28.266: I/ertewu(13486): 1 main Choreographer  doFrame
01-16 10:50:28.266: I/ertewu(13486): 1 main Choreographer$FrameDisplayEventReceiver  run
01-16 10:50:28.266: I/ertewu(13486): 1 main Handler  handleCallback
01-16 10:50:28.266: I/ertewu(13486): 1 main Handler  dispatchMessage
01-16 10:50:28.266: I/ertewu(13486): 1 main Looper  loop
01-16 10:50:28.266: I/ertewu(13486): 1 main ActivityThread  main
01-16 10:50:28.266: I/ertewu(13486): 1 main Method  invokeNative
01-16 10:50:28.266: I/ertewu(13486): 1 main Method  invoke
01-16 10:50:28.266: I/ertewu(13486): 1 main ZygoteInit$MethodAndArgsCaller  run
01-16 10:50:28.266: I/ertewu(13486): 1 main ZygoteInit  main
01-16 10:50:28.266: I/ertewu(13486): 1 main NativeStart  main
01-16 10:50:28.266: I/ertewu(13486): PrintStackEnd------------------------

onLayout 

01-16 10:50:28.376: I/ertewu(13486): PrintStackStart------------------------
01-16 10:50:28.376: I/ertewu(13486): 1 main CaseForViewRootImpl$LogView  onLayout
01-16 10:50:28.376: I/ertewu(13486): 1 main View  layout
01-16 10:50:28.376: I/ertewu(13486): 1 main FrameLayout  onLayout
01-16 10:50:28.376: I/ertewu(13486): 1 main View  layout
01-16 10:50:28.376: I/ertewu(13486): 1 main ViewGroup  layout
01-16 10:50:28.376: I/ertewu(13486): 1 main LinearLayout  setChildFrame
01-16 10:50:28.376: I/ertewu(13486): 1 main LinearLayout  layoutVertical
01-16 10:50:28.376: I/ertewu(13486): 1 main LinearLayout  onLayout
01-16 10:50:28.376: I/ertewu(13486): 1 main View  layout
01-16 10:50:28.376: I/ertewu(13486): 1 main ViewGroup  layout
01-16 10:50:28.376: I/ertewu(13486): 1 main FrameLayout  onLayout
01-16 10:50:28.376: I/ertewu(13486): 1 main View  layout
01-16 10:50:28.376: I/ertewu(13486): 1 main ViewGroup  layout
01-16 10:50:28.376: I/ertewu(13486): 1 main ViewRootImpl  performLayout
01-16 10:50:28.376: I/ertewu(13486): 1 main ViewRootImpl  performTraversals
01-16 10:50:28.376: I/ertewu(13486): 1 main ViewRootImpl  doTraversal
//到这里想看懂得已经看懂
01-16 10:50:28.376: I/ertewu(13486): 1 main ViewRootImpl$TraversalRunnable  run
01-16 10:50:28.376: I/ertewu(13486): 1 main Choreographer$CallbackRecord  run
01-16 10:50:28.376: I/ertewu(13486): 1 main Choreographer  doCallbacks
01-16 10:50:28.376: I/ertewu(13486): 1 main Choreographer  doFrame
01-16 10:50:28.376: I/ertewu(13486): 1 main Choreographer$FrameDisplayEventReceiver  run
01-16 10:50:28.376: I/ertewu(13486): 1 main Handler  handleCallback
01-16 10:50:28.376: I/ertewu(13486): 1 main Handler  dispatchMessage
01-16 10:50:28.376: I/ertewu(13486): 1 main Looper  loop
01-16 10:50:28.376: I/ertewu(13486): 1 main ActivityThread  main
01-16 10:50:28.376: I/ertewu(13486): 1 main Method  invokeNative
01-16 10:50:28.376: I/ertewu(13486): 1 main Method  invoke
01-16 10:50:28.376: I/ertewu(13486): 1 main ZygoteInit$MethodAndArgsCaller  run
01-16 10:50:28.376: I/ertewu(13486): 1 main ZygoteInit  main
01-16 10:50:28.376: I/ertewu(13486): 1 main NativeStart  main
01-16 10:50:28.376: I/ertewu(13486): PrintStackEnd------------------------



onMeasure：我有点想知道为什么走了两遍..

01-16 10:50:28.406: I/ertewu(13486): PrintStackStart------------------------
01-16 10:50:28.406: I/ertewu(13486): 1 main LogUtils  printFunctionStack
01-16 10:50:28.406: I/ertewu(13486): 1 main CaseForViewRootImpl$LogView  onMeasure
01-16 10:50:28.406: I/ertewu(13486): 1 main View  measure
01-16 10:50:28.406: I/ertewu(13486): 1 main ViewGroup  measureChildWithMargins
01-16 10:50:28.406: I/ertewu(13486): 1 main FrameLayout  onMeasure
01-16 10:50:28.406: I/ertewu(13486): 1 main View  measure
01-16 10:50:28.406: I/ertewu(13486): 1 main LinearLayout  measureVertical
01-16 10:50:28.406: I/ertewu(13486): 1 main LinearLayout  onMeasure
01-16 10:50:28.406: I/ertewu(13486): 1 main View  measure
01-16 10:50:28.406: I/ertewu(13486): 1 main ViewGroup  measureChildWithMargins
01-16 10:50:28.406: I/ertewu(13486): 1 main FrameLayout  onMeasure
01-16 10:50:28.406: I/ertewu(13486): 1 main PhoneWindow$DecorView  onMeasure
01-16 10:50:28.406: I/ertewu(13486): 1 main View  measure
01-16 10:50:28.406: I/ertewu(13486): 1 main ViewRootImpl  performMeasure
01-16 10:50:28.406: I/ertewu(13486): 1 main ViewRootImpl  measureHierarchy
01-16 10:50:28.406: I/ertewu(13486): 1 main ViewRootImpl  performTraversals
01-16 10:50:28.406: I/ertewu(13486): 1 main ViewRootImpl  doTraversal
01-16 10:50:28.406: I/ertewu(13486): 1 main ViewRootImpl$TraversalRunnable  run
01-16 10:50:28.406: I/ertewu(13486): 1 main Choreographer$CallbackRecord  run
01-16 10:50:28.406: I/ertewu(13486): 1 main Choreographer  doCallbacks
01-16 10:50:28.406: I/ertewu(13486): 1 main Choreographer  doFrame
01-16 10:50:28.406: I/ertewu(13486): 1 main Choreographer$FrameDisplayEventReceiver  run
01-16 10:50:28.406: I/ertewu(13486): 1 main Handler  handleCallback
01-16 10:50:28.406: I/ertewu(13486): 1 main Handler  dispatchMessage
01-16 10:50:28.406: I/ertewu(13486): 1 main Looper  loop
01-16 10:50:28.406: I/ertewu(13486): 1 main ActivityThread  main
01-16 10:50:28.406: I/ertewu(13486): 1 main Method  invokeNative
01-16 10:50:28.406: I/ertewu(13486): 1 main Method  invoke
01-16 10:50:28.406: I/ertewu(13486): 1 main ZygoteInit$MethodAndArgsCaller  run
01-16 10:50:28.406: I/ertewu(13486): 1 main ZygoteInit  main
01-16 10:50:28.406: I/ertewu(13486): 1 main NativeStart  main
01-16 10:50:28.406: I/ertewu(13486): PrintStackEnd------------------------

onLayout,这个也是，为什么走了两遍


01-16 10:50:28.406: I/ertewu(13486): PrintStackStart------------------------
01-16 10:50:28.406: I/ertewu(13486): 1 main CaseForViewRootImpl$LogView  onLayout
01-16 10:50:28.406: I/ertewu(13486): 1 main View  layout
01-16 10:50:28.406: I/ertewu(13486): 1 main FrameLayout  onLayout
01-16 10:50:28.406: I/ertewu(13486): 1 main View  layout
01-16 10:50:28.406: I/ertewu(13486): 1 main ViewGroup  layout
01-16 10:50:28.406: I/ertewu(13486): 1 main LinearLayout  setChildFrame
01-16 10:50:28.406: I/ertewu(13486): 1 main LinearLayout  layoutVertical
01-16 10:50:28.406: I/ertewu(13486): 1 main LinearLayout  onLayout
01-16 10:50:28.406: I/ertewu(13486): 1 main View  layout
01-16 10:50:28.406: I/ertewu(13486): 1 main ViewGroup  layout
01-16 10:50:28.406: I/ertewu(13486): 1 main FrameLayout  onLayout
01-16 10:50:28.406: I/ertewu(13486): 1 main View  layout
01-16 10:50:28.406: I/ertewu(13486): 1 main ViewGroup  layout
01-16 10:50:28.406: I/ertewu(13486): 1 main ViewRootImpl  performLayout
01-16 10:50:28.406: I/ertewu(13486): 1 main ViewRootImpl  performTraversals
01-16 10:50:28.406: I/ertewu(13486): 1 main ViewRootImpl  doTraversal
01-16 10:50:28.406: I/ertewu(13486): 1 main ViewRootImpl$TraversalRunnable  run
01-16 10:50:28.406: I/ertewu(13486): 1 main Choreographer$CallbackRecord  run
01-16 10:50:28.406: I/ertewu(13486): 1 main Choreographer  doCallbacks
01-16 10:50:28.406: I/ertewu(13486): 1 main Choreographer  doFrame
01-16 10:50:28.406: I/ertewu(13486): 1 main Choreographer$FrameDisplayEventReceiver  run
01-16 10:50:28.406: I/ertewu(13486): 1 main Handler  handleCallback
01-16 10:50:28.406: I/ertewu(13486): 1 main Handler  dispatchMessage
01-16 10:50:28.406: I/ertewu(13486): 1 main Looper  loop
01-16 10:50:28.406: I/ertewu(13486): 1 main ActivityThread  main
01-16 10:50:28.406: I/ertewu(13486): 1 main Method  invokeNative
01-16 10:50:28.406: I/ertewu(13486): 1 main Method  invoke
01-16 10:50:28.406: I/ertewu(13486): 1 main ZygoteInit$MethodAndArgsCaller  run
01-16 10:50:28.406: I/ertewu(13486): 1 main ZygoteInit  main
01-16 10:50:28.406: I/ertewu(13486): 1 main NativeStart  main
01-16 10:50:28.406: I/ertewu(13486): PrintStackEnd------------------------



onDraw


01-16 10:50:28.416: I/ertewu(13486): PrintStackStart------------------------
01-16 10:50:28.416: I/ertewu(13486): 1 main LogUtils  printFunctionStack
01-16 10:50:28.416: I/ertewu(13486): 1 main CaseForViewRootImpl$LogView  onDraw
01-16 10:50:28.416: I/ertewu(13486): 1 main View  draw
01-16 10:50:28.416: I/ertewu(13486): 1 main View  getDisplayList
01-16 10:50:28.416: I/ertewu(13486): 1 main View  getDisplayList
01-16 10:50:28.416: I/ertewu(13486): 1 main View  draw
01-16 10:50:28.416: I/ertewu(13486): 1 main ViewGroup  drawChild
01-16 10:50:28.416: I/ertewu(13486): 1 main ViewGroup  dispatchDraw
01-16 10:50:28.416: I/ertewu(13486): 1 main View  draw
01-16 10:50:28.416: I/ertewu(13486): 1 main FrameLayout  draw
01-16 10:50:28.416: I/ertewu(13486): 1 main View  getDisplayList
01-16 10:50:28.416: I/ertewu(13486): 1 main View  getDisplayList
01-16 10:50:28.416: I/ertewu(13486): 1 main View  draw
01-16 10:50:28.416: I/ertewu(13486): 1 main ViewGroup  drawChild
01-16 10:50:28.416: I/ertewu(13486): 1 main ViewGroup  dispatchDraw
01-16 10:50:28.416: I/ertewu(13486): 1 main View  getDisplayList
01-16 10:50:28.416: I/ertewu(13486): 1 main View  getDisplayList
01-16 10:50:28.416: I/ertewu(13486): 1 main View  draw
01-16 10:50:28.416: I/ertewu(13486): 1 main ViewGroup  drawChild
01-16 10:50:28.416: I/ertewu(13486): 1 main ViewGroup  dispatchDraw
01-16 10:50:28.416: I/ertewu(13486): 1 main View  draw
01-16 10:50:28.416: I/ertewu(13486): 1 main FrameLayout  draw
01-16 10:50:28.416: I/ertewu(13486): 1 main PhoneWindow$DecorView  draw
01-16 10:50:28.416: I/ertewu(13486): 1 main View  getDisplayList
01-16 10:50:28.416: I/ertewu(13486): 1 main View  getDisplayList
01-16 10:50:28.416: I/ertewu(13486): 1 main HardwareRenderer$GlRenderer  draw
01-16 10:50:28.416: I/ertewu(13486): 1 main ViewRootImpl  draw
01-16 10:50:28.416: I/ertewu(13486): 1 main ViewRootImpl  performDraw
01-16 10:50:28.416: I/ertewu(13486): 1 main ViewRootImpl  performTraversals
01-16 10:50:28.416: I/ertewu(13486): 1 main ViewRootImpl  doTraversal
//上边也看到了
01-16 10:50:28.416: I/ertewu(13486): 1 main ViewRootImpl$TraversalRunnable  run
01-16 10:50:28.416: I/ertewu(13486): 1 main Choreographer$CallbackRecord  run
01-16 10:50:28.416: I/ertewu(13486): 1 main Choreographer  doCallbacks
01-16 10:50:28.416: I/ertewu(13486): 1 main Choreographer  doFrame
01-16 10:50:28.416: I/ertewu(13486): 1 main Choreographer$FrameDisplayEventReceiver  run
01-16 10:50:28.416: I/ertewu(13486): 1 main Handler  handleCallback
01-16 10:50:28.416: I/ertewu(13486): 1 main Handler  dispatchMessage
01-16 10:50:28.416: I/ertewu(13486): 1 main Looper  loop
01-16 10:50:28.416: I/ertewu(13486): 1 main ActivityThread  main
01-16 10:50:28.416: I/ertewu(13486): 1 main Method  invokeNative
01-16 10:50:28.416: I/ertewu(13486): 1 main Method  invoke
01-16 10:50:28.416: I/ertewu(13486): 1 main ZygoteInit$MethodAndArgsCaller  run
01-16 10:50:28.416: I/ertewu(13486): 1 main ZygoteInit  main
01-16 10:50:28.416: I/ertewu(13486): 1 main NativeStart  main
01-16 10:50:28.416: I/ertewu(13486): PrintStackEnd------------------------

